<?xml version="1.0" encoding="UTF-8"?>
<!-- Generated by org.testng.reporters.JUnitXMLReporter -->
<testsuite hostname="ZIPLBLRSY112" ignored="0" name="Default test" tests="3" failures="0" timestamp="25 Jan 2019 06:33:27 GMT" time="1.353" errors="0">
  <testcase name="verifyDeleteBook" time="1.089" classname="tests.DeleteBook"/>
  <testcase name="verifyDeleteBook" time="0.108" classname="tests.DeleteBook"/>
  <testcase name="verifyDeleteBook" time="0.127" classname="tests.DeleteBook"/>
</testsuite> <!-- Default test -->
