<?xml version="1.0" encoding="UTF-8"?>
<testng-results skipped="0" failed="0" ignored="0" total="3" passed="3">
  <reporter-output>
  </reporter-output>
  <suite name="Default suite" duration-ms="1353" started-at="2019-01-25T06:33:26Z" finished-at="2019-01-25T06:33:27Z">
    <groups>
    </groups>
    <test name="Default test" duration-ms="1353" started-at="2019-01-25T06:33:26Z" finished-at="2019-01-25T06:33:27Z">
      <class name="tests.DeleteBook">
        <test-method status="PASS" signature="verifyDeleteBook(java.lang.String)[pri:0, instance:tests.DeleteBook@5f2108b5]" name="verifyDeleteBook" duration-ms="1089" started-at="2019-01-25T06:33:26Z" data-provider="BookData" finished-at="2019-01-25T06:33:27Z">
          <params>
            <param index="0">
              <value>
                <![CDATA[ISBN1123]]>
              </value>
            </param>
          </params>
          <reporter-output>
          </reporter-output>
        </test-method> <!-- verifyDeleteBook -->
        <test-method status="PASS" signature="verifyDeleteBook(java.lang.String)[pri:0, instance:tests.DeleteBook@5f2108b5]" name="verifyDeleteBook" duration-ms="108" started-at="2019-01-25T06:33:27Z" data-provider="BookData" finished-at="2019-01-25T06:33:27Z">
          <params>
            <param index="0">
              <value>
                <![CDATA[ISBN2567]]>
              </value>
            </param>
          </params>
          <reporter-output>
          </reporter-output>
        </test-method> <!-- verifyDeleteBook -->
        <test-method status="PASS" signature="verifyDeleteBook(java.lang.String)[pri:0, instance:tests.DeleteBook@5f2108b5]" name="verifyDeleteBook" duration-ms="127" started-at="2019-01-25T06:33:27Z" data-provider="BookData" finished-at="2019-01-25T06:33:27Z">
          <params>
            <param index="0">
              <value>
                <![CDATA[ISBN3012]]>
              </value>
            </param>
          </params>
          <reporter-output>
          </reporter-output>
        </test-method> <!-- verifyDeleteBook -->
      </class> <!-- tests.DeleteBook -->
    </test> <!-- Default test -->
  </suite> <!-- Default suite -->
</testng-results>
